<?xml version="1.0" encoding="UTF-8"?>
<!-- Generated by org.testng.reporters.JUnitReportReporter -->
<testsuite name="testcases.TC001_LoginAndLogout" tests="2" time="25.402" ignored="0" failures="0" timestamp="08 Apr 2018 06:05:58 GMT" skipped="0" hostname="WIN-Q5M9TTPRAOJ" errors="0">
  <testcase name="loginAndLogout" time="15.207" classname="testcases.TC001_LoginAndLogout"/>
  <testcase name="loginAndLogout" time="10.195" classname="testcases.TC001_LoginAndLogout"/>
</testsuite> <!-- testcases.TC001_LoginAndLogout -->
