<?xml version="1.0" encoding="UTF-8"?>
<!-- Generated by org.testng.reporters.JUnitReportReporter -->
<testsuite skipped="1" hostname="WIN-Q5M9TTPRAOJ" name="testcases.leads.TC005_MergeLead" tests="1" failures="0" timestamp="04 Apr 2018 07:49:49 GMT" time="0.000" errors="0">
  <testcase name="mergeLeads" time="0.000" classname="testcases.leads.TC005_MergeLead">
    <skipped/>
  </testcase> <!-- mergeLeads -->
</testsuite> <!-- testcases.leads.TC005_MergeLead -->
