<?xml version="1.0" encoding="UTF-8"?>
<!-- Generated by org.testng.reporters.JUnitReportReporter -->
<testsuite skipped="0" hostname="WIN-Q5M9TTPRAOJ" name="testcases.TC002_EditLeads" tests="1" failures="0" timestamp="01 Apr 2018 05:17:04 GMT" time="31.077" errors="0">
  <testcase name="editLeads" time="31.077" classname="testcases.TC002_EditLeads"/>
</testsuite> <!-- testcases.TC002_EditLeads -->
