<?xml version="1.0" encoding="UTF-8"?>
<!-- Generated by org.testng.reporters.JUnitReportReporter -->
<testsuite skipped="1" hostname="WIN-Q5M9TTPRAOJ" name="testcases.leads.TC002_EditLeads" tests="1" failures="0" timestamp="21 Apr 2018 06:10:02 GMT" time="0.000" errors="0">
  <testcase name="editLeads" time="0.000" classname="testcases.leads.TC002_EditLeads">
    <skipped/>
  </testcase> <!-- editLeads -->
</testsuite> <!-- testcases.leads.TC002_EditLeads -->
