<?xml version="1.0" encoding="UTF-8"?>
<!-- Generated by org.testng.reporters.JUnitReportReporter -->
<testsuite skipped="0" hostname="WIN-Q5M9TTPRAOJ" name="coding.challenges.SpiralMatrixApr2" tests="1" failures="0" timestamp="02 Apr 2018 22:05:19 GMT" time="2.438" errors="0">
  <testcase name="matrix4" time="2.438" classname="coding.challenges.SpiralMatrixApr2"/>
</testsuite> <!-- coding.challenges.SpiralMatrixApr2 -->
