<?xml version="1.0" encoding="UTF-8"?>
<!-- Generated by org.testng.reporters.JUnitReportReporter -->
<testsuite skipped="0" hostname="WIN-Q5M9TTPRAOJ" name="testcases.TC001_CreateLead" tests="1" failures="0" timestamp="01 Apr 2018 05:17:04 GMT" time="18.121" errors="0">
  <testcase name="loginLeaftaps" time="18.121" classname="testcases.TC001_CreateLead"/>
</testsuite> <!-- testcases.TC001_CreateLead -->
