<?xml version="1.0" encoding="UTF-8"?>
<!-- Generated by org.testng.reporters.JUnitReportReporter -->
<testsuite skipped="0" hostname="WIN-Q5M9TTPRAOJ" name="week4.testng.anno.LearnAnnotations" tests="2" failures="0" timestamp="01 Apr 2018 05:17:34 GMT" time="15.119" errors="0">
  <testcase name="test1" time="7.510" classname="week4.testng.anno.LearnAnnotations"/>
  <testcase name="test2" time="7.609" classname="week4.testng.anno.LearnAnnotations"/>
</testsuite> <!-- week4.testng.anno.LearnAnnotations -->
