<?xml version="1.0" encoding="UTF-8"?>
<!-- Generated by org.testng.reporters.JUnitReportReporter -->
<testsuite skipped="1" hostname="WIN-Q5M9TTPRAOJ" name="testcases.leads.TC003_DeleteLeads" tests="1" failures="0" timestamp="04 Apr 2018 07:49:49 GMT" time="0.000" errors="0">
  <testcase name="deleteLeads" time="0.000" classname="testcases.leads.TC003_DeleteLeads">
    <skipped/>
  </testcase> <!-- deleteLeads -->
</testsuite> <!-- testcases.leads.TC003_DeleteLeads -->
