<?xml version="1.0" encoding="UTF-8"?>
<!-- Generated by org.testng.reporters.JUnitReportReporter -->
<testsuite skipped="0" hostname="WIN-Q5M9TTPRAOJ" name="testcases.leads.TC004_DuplicateLead" tests="1" failures="0" timestamp="04 Apr 2018 07:49:49 GMT" time="35.256" errors="0">
  <testcase name="duplicateLead" time="35.256" classname="testcases.leads.TC004_DuplicateLead"/>
</testsuite> <!-- testcases.leads.TC004_DuplicateLead -->
